2019-02-27 20:37:32,518 - BrowserEngin - INFO - 你选择了Chrome游览器
2019-02-27 20:37:32,519 - BrowserEngin - INFO - 测试URL是:http://127.0.0.1/forum.php
2019-02-27 20:37:35,702 - BrowserEngin - INFO - 启动谷歌游览器
2019-02-27 20:37:37,249 - BrowserEngin - INFO - 打开：http://127.0.0.1/forum.php
2019-02-27 20:37:38,443 - BrowserEngin - INFO - 窗口最大化
2019-02-27 20:37:38,474 - BrowserEngin - INFO - 等待10秒
2019-02-27 20:37:38,824 - BaseCase - INFO - send_keysguo
2019-02-27 20:37:39,178 - BaseCase - INFO - send_keys123456
2019-02-27 20:37:39,403 - BaseCase - INFO - click
2019-02-27 20:37:45,544 - BaseCase - INFO - click
2019-02-27 20:37:46,248 - BaseCase - INFO - send_keystitlettttttt
2019-02-27 20:37:46,991 - BaseCase - INFO - send_keyscontenttttttttttttttttttttt
2019-02-27 20:37:50,381 - BaseCase - INFO - click
2019-02-27 20:37:50,657 - BaseCase - INFO - click
2019-02-27 20:37:51,224 - BaseCase - INFO - send_keyshello
2019-02-27 20:37:52,003 - BaseCase - INFO - click
2019-02-27 20:37:52,809 - BaseCase - INFO - click
2019-02-27 20:37:55,359 - BrowserEngin - INFO - 你选择了Chrome游览器
2019-02-27 20:37:55,360 - BrowserEngin - INFO - 测试URL是:http://127.0.0.1/forum.php
2019-02-27 20:38:02,686 - BrowserEngin - INFO - 你选择了Chrome游览器
2019-02-27 20:38:02,687 - BrowserEngin - INFO - 测试URL是:http://127.0.0.1/forum.php
2019-02-27 20:38:06,382 - BrowserEngin - INFO - 启动谷歌游览器
2019-02-27 20:38:08,318 - BrowserEngin - INFO - 打开：http://127.0.0.1/forum.php
2019-02-27 20:38:09,470 - BrowserEngin - INFO - 窗口最大化
2019-02-27 20:38:09,548 - BrowserEngin - INFO - 等待10秒
2019-02-27 20:38:09,900 - BaseCase - INFO - send_keysguo
2019-02-27 20:38:10,220 - BaseCase - INFO - send_keys123456
2019-02-27 20:38:10,441 - BaseCase - INFO - click
2019-02-27 20:38:12,678 - BaseCase - INFO - send_keyshaotest
2019-02-27 20:38:13,652 - BaseCase - INFO - click
2019-02-27 20:38:22,286 - BaseCase - INFO - click
2019-02-27 20:38:29,211 - BaseCase - INFO - click
2019-02-27 20:38:36,809 - BrowserEngin - INFO - 你选择了Chrome游览器
2019-02-27 20:38:36,810 - BrowserEngin - INFO - 测试URL是:http://127.0.0.1/forum.php
