2019-02-28 09:11:03,899 - BrowserEngin - INFO - 你选择了Chrome游览器
2019-02-28 09:11:03,915 - BrowserEngin - INFO - 测试URL是:http://127.0.0.1/forum.php
2019-02-28 09:11:06,975 - BrowserEngin - INFO - 启动谷歌游览器
2019-02-28 09:11:08,722 - BrowserEngin - INFO - 打开：http://127.0.0.1/forum.php
2019-02-28 09:11:09,923 - BrowserEngin - INFO - 窗口最大化
2019-02-28 09:11:09,934 - BrowserEngin - INFO - 等待10秒
2019-02-28 09:11:10,316 - BaseCase - INFO - send_keysadmin
2019-02-28 09:11:10,618 - BaseCase - INFO - send_keysguo123
2019-02-28 09:11:10,831 - BaseCase - INFO - click
2019-02-28 09:11:17,239 - BaseCase - INFO - click
2019-02-28 09:11:17,875 - BaseCase - INFO - click
2019-02-28 09:11:18,448 - BaseCase - INFO - click
2019-02-28 09:11:19,723 - BaseCase - INFO - click
2019-02-28 09:11:20,290 - BaseCase - INFO - click
2019-02-28 09:11:26,459 - BaseCase - INFO - <WebUITest.pagesobjets.partPage.PartPage object at 0x000000000364A780> page not found element(('css selector', '.loginform .txt'),)元素
2019-02-28 09:11:26,460 - BaseCase - INFO - not send_keys
2019-02-28 09:11:26,959 - BaseCase - INFO - click
2019-02-28 09:11:30,122 - BaseCase - INFO - not click
2019-02-28 09:11:46,006 - BaseCase - INFO - <WebUITest.pagesobjets.partPage.PartPage object at 0x000000000364A780> page not found element('id', 'main')元素
2019-02-28 09:11:46,022 - BaseCase - INFO - into frame
2019-02-28 09:11:49,132 - BaseCase - INFO - not click
2019-02-28 09:11:52,218 - BaseCase - INFO - not click
2019-02-28 09:11:55,336 - BaseCase - INFO - not click
2019-02-28 09:11:58,373 - BaseCase - INFO - not click
2019-02-28 09:12:09,721 - BaseCase - INFO - <WebUITest.pagesobjets.loginPage.LoginPage object at 0x000000000364A8D0> page not found element('name', 'username')元素
2019-02-28 09:12:09,721 - BaseCase - INFO - not send_keys
2019-02-28 09:12:20,926 - BaseCase - INFO - <WebUITest.pagesobjets.loginPage.LoginPage object at 0x000000000364A8D0> page not found element('name', 'password')元素
2019-02-28 09:12:20,926 - BaseCase - INFO - not send_keys
2019-02-28 09:12:24,059 - BaseCase - INFO - not click
2019-02-28 09:12:32,122 - BaseCase - INFO - not click
2019-02-28 09:12:32,691 - BaseCase - INFO - send_keystitle.....
2019-02-28 09:12:33,458 - BaseCase - INFO - send_keyshhhhhhhhhfffffffffffffffffffff
2019-02-28 09:12:35,541 - BaseCase - INFO - click
2019-02-28 09:12:35,938 - BaseCase - INFO - click
2019-02-28 09:12:41,282 - BaseCase - INFO - send_keysfdsjaflsjfl
2019-02-28 09:12:42,172 - BaseCase - INFO - click
