2019-02-28 09:53:45,686 - BrowserEngin - INFO - 你选择了Chrome游览器
2019-02-28 09:53:45,686 - BrowserEngin - INFO - 测试URL是:http://127.0.0.1/forum.php
2019-02-28 09:53:48,934 - BrowserEngin - INFO - 启动谷歌游览器
2019-02-28 09:53:50,808 - BrowserEngin - INFO - 打开：http://127.0.0.1/forum.php
2019-02-28 09:53:51,994 - BrowserEngin - INFO - 窗口最大化
2019-02-28 09:53:51,998 - BrowserEngin - INFO - 等待10秒
2019-02-28 09:53:52,363 - BaseCase - INFO - send_keysadmin
2019-02-28 09:53:52,729 - BaseCase - INFO - send_keysguo123
2019-02-28 09:53:53,003 - BaseCase - INFO - click
2019-02-28 09:53:59,421 - BaseCase - INFO - click
2019-02-28 09:54:02,826 - BaseCase - INFO - not click
2019-02-28 09:54:06,028 - BaseCase - INFO - not click
2019-02-28 09:54:09,254 - BaseCase - INFO - not click
2019-02-28 09:54:09,701 - BaseCase - INFO - click
2019-02-28 09:54:14,053 - BaseCase - INFO - not click
2019-02-28 09:54:29,887 - BaseCase - INFO - <WebUITest.pagesobjets.partPage.PartPage object at 0x000000000364A5C0> page not found element('id', 'main')元素
2019-02-28 09:54:29,887 - BaseCase - INFO - into frame
2019-02-28 09:54:32,957 - BaseCase - INFO - not click
2019-02-28 09:54:36,092 - BaseCase - INFO - not click
2019-02-28 09:54:39,168 - BaseCase - INFO - not click
2019-02-28 09:54:42,319 - BaseCase - INFO - not click
2019-02-28 09:54:53,181 - BaseCase - INFO - <WebUITest.pagesobjets.loginPage.LoginPage object at 0x000000000364A940> page not found element('name', 'username')元素
2019-02-28 09:54:53,181 - BaseCase - INFO - not send_keys
2019-02-28 09:55:04,053 - BaseCase - INFO - <WebUITest.pagesobjets.loginPage.LoginPage object at 0x000000000364A940> page not found element('name', 'password')元素
2019-02-28 09:55:04,054 - BaseCase - INFO - not send_keys
2019-02-28 09:55:07,166 - BaseCase - INFO - not click
2019-02-28 09:55:15,220 - BaseCase - INFO - not click
2019-02-28 09:55:15,869 - BaseCase - INFO - send_keystitle.....
2019-02-28 09:55:16,581 - BaseCase - INFO - send_keyshhhhhhhhhfffffffffffffffffffff
2019-02-28 09:55:19,618 - BaseCase - INFO - click
2019-02-28 09:55:19,958 - BaseCase - INFO - click
2019-02-28 09:55:25,344 - BaseCase - INFO - send_keysfdsjaflsjfl
2019-02-28 09:55:26,198 - BaseCase - INFO - click
