2019-02-27 20:16:36,176 - BrowserEngin - INFO - 你选择了Chrome游览器
2019-02-27 20:16:36,176 - BrowserEngin - INFO - 测试URL是:http://127.0.0.1/forum.php
2019-02-27 20:16:39,297 - BrowserEngin - INFO - 启动谷歌游览器
2019-02-27 20:16:41,265 - BrowserEngin - INFO - 打开：http://127.0.0.1/forum.php
2019-02-27 20:16:42,483 - BrowserEngin - INFO - 窗口最大化
2019-02-27 20:16:42,489 - BrowserEngin - INFO - 等待10秒
2019-02-27 20:16:42,814 - BaseCase - INFO - send_keysguo
2019-02-27 20:16:43,145 - BaseCase - INFO - send_keys123456
2019-02-27 20:16:43,367 - BaseCase - INFO - click
2019-02-27 20:16:49,850 - BaseCase - INFO - click
2019-02-27 20:16:50,461 - BaseCase - INFO - send_keystitlettttttt
2019-02-27 20:16:50,972 - BaseCase - INFO - send_keyscontentttttttttt
2019-02-27 20:16:53,372 - BaseCase - INFO - click
2019-02-27 20:16:53,616 - BaseCase - INFO - click
2019-02-27 20:16:54,339 - BaseCase - INFO - send_keyshello
2019-02-27 20:16:55,905 - BaseCase - INFO - click
2019-02-27 20:16:56,696 - BaseCase - INFO - click
2019-02-27 20:16:59,068 - BrowserEngin - INFO - 你选择了Chrome游览器
2019-02-27 20:16:59,068 - BrowserEngin - INFO - 测试URL是:http://127.0.0.1/forum.php
2019-02-27 20:17:02,161 - BrowserEngin - INFO - 启动谷歌游览器
2019-02-27 20:17:03,589 - BrowserEngin - INFO - 打开：http://127.0.0.1/forum.php
2019-02-27 20:17:04,804 - BrowserEngin - INFO - 窗口最大化
2019-02-27 20:17:04,808 - BrowserEngin - INFO - 等待10秒
2019-02-27 20:17:05,135 - BaseCase - INFO - send_keysadmin
2019-02-27 20:17:05,428 - BaseCase - INFO - send_keysguo123
2019-02-27 20:17:05,631 - BaseCase - INFO - click
2019-02-27 20:17:11,880 - BaseCase - INFO - click
2019-02-27 20:17:12,442 - BaseCase - INFO - click
2019-02-27 20:17:13,052 - BaseCase - INFO - click
2019-02-27 20:17:14,457 - BaseCase - INFO - click
2019-02-27 20:17:14,948 - BaseCase - INFO - click
2019-02-27 20:17:21,286 - BaseCase - INFO - click
2019-02-27 20:17:26,468 - BaseCase - INFO - into frame
2019-02-27 20:17:26,930 - BaseCase - INFO - click
2019-02-27 20:17:27,666 - BaseCase - INFO - click
2019-02-27 20:17:28,791 - BaseCase - INFO - click
2019-02-27 20:17:29,582 - BaseCase - INFO - click
2019-02-27 20:17:32,322 - BaseCase - INFO - send_keysguo
2019-02-27 20:17:32,659 - BaseCase - INFO - send_keys123456
2019-02-27 20:17:32,866 - BaseCase - INFO - click
2019-02-27 20:17:38,840 - BaseCase - INFO - click
2019-02-27 20:17:39,547 - BaseCase - INFO - send_keystitle.....
2019-02-27 20:17:40,210 - BaseCase - INFO - send_keyshhhhhhhhhfffffffffffffffffffff
2019-02-27 20:17:40,654 - BaseCase - INFO - click
2019-02-27 20:17:43,812 - BaseCase - INFO - not click
2019-02-27 20:17:44,146 - BaseCase - INFO - send_keysfdsjaflsjfl
2019-02-27 20:17:47,325 - BaseCase - INFO - not click
2019-02-27 20:17:49,716 - BrowserEngin - INFO - 你选择了Chrome游览器
2019-02-27 20:17:49,716 - BrowserEngin - INFO - 测试URL是:http://127.0.0.1/forum.php
2019-02-27 20:17:52,723 - BrowserEngin - INFO - 启动谷歌游览器
2019-02-27 20:17:54,776 - BrowserEngin - INFO - 打开：http://127.0.0.1/forum.php
2019-02-27 20:17:55,980 - BrowserEngin - INFO - 窗口最大化
2019-02-27 20:17:55,984 - BrowserEngin - INFO - 等待10秒
2019-02-27 20:17:56,298 - BaseCase - INFO - send_keysguo
2019-02-27 20:17:56,618 - BaseCase - INFO - send_keys123456
2019-02-27 20:17:56,825 - BaseCase - INFO - click
2019-02-27 20:17:58,636 - BaseCase - INFO - send_keyshaotest
2019-02-27 20:17:58,876 - BaseCase - INFO - click
2019-02-27 20:18:05,323 - BaseCase - INFO - click
2019-02-27 20:18:12,146 - BaseCase - INFO - click
2019-02-27 20:18:19,524 - BrowserEngin - INFO - 你选择了Chrome游览器
2019-02-27 20:18:19,524 - BrowserEngin - INFO - 测试URL是:http://127.0.0.1/forum.php
2019-02-27 20:18:22,484 - BrowserEngin - INFO - 启动谷歌游览器
2019-02-27 20:18:24,605 - BrowserEngin - INFO - 打开：http://127.0.0.1/forum.php
2019-02-27 20:18:25,820 - BrowserEngin - INFO - 窗口最大化
2019-02-27 20:18:25,830 - BrowserEngin - INFO - 等待10秒
2019-02-27 20:18:26,156 - BaseCase - INFO - send_keysguo
2019-02-27 20:18:26,502 - BaseCase - INFO - send_keys123456
2019-02-27 20:18:26,726 - BaseCase - INFO - click
2019-02-27 20:18:33,156 - BaseCase - INFO - click
2019-02-27 20:18:34,269 - BaseCase - INFO - click
2019-02-27 20:18:35,629 - BaseCase - INFO - click
2019-02-27 20:18:36,130 - BaseCase - INFO - send_keys喜欢运动的程度
2019-02-27 20:18:36,458 - BaseCase - INFO - send_keys喜欢
2019-02-27 20:18:36,748 - BaseCase - INFO - send_keys还可以
2019-02-27 20:18:37,035 - BaseCase - INFO - send_keys不喜欢
2019-02-27 20:18:37,375 - BaseCase - INFO - click
2019-02-27 20:18:39,604 - BaseCase - INFO - click
2019-02-27 20:18:41,176 - BaseCase - INFO - click
2019-02-27 20:18:46,415 - BaseCase - INFO - 内容为1.  喜欢
2019-02-27 20:18:46,681 - BaseCase - INFO - 内容为100.00% (1)
2019-02-27 20:18:46,931 - BaseCase - INFO - 内容为2.  还可以
2019-02-27 20:18:47,199 - BaseCase - INFO - 内容为0.00% (0)
2019-02-27 20:18:47,433 - BaseCase - INFO - 内容为3.  不喜欢
2019-02-27 20:18:47,699 - BaseCase - INFO - 内容为0.00% (0)
2019-02-27 20:18:47,886 - BaseCase - INFO - 内容为喜欢运动的程度
