2019-02-27 21:03:42,110 - BrowserEngin - INFO - 你选择了Chrome游览器
2019-02-27 21:03:42,111 - BrowserEngin - INFO - 测试URL是:http://127.0.0.1/forum.php
2019-02-27 21:03:45,167 - BrowserEngin - INFO - 启动谷歌游览器
2019-02-27 21:03:47,053 - BrowserEngin - INFO - 打开：http://127.0.0.1/forum.php
2019-02-27 21:03:48,291 - BrowserEngin - INFO - 窗口最大化
2019-02-27 21:03:48,300 - BrowserEngin - INFO - 等待10秒
2019-02-27 21:03:48,705 - BaseCase - INFO - send_keysadmin
2019-02-27 21:03:49,079 - BaseCase - INFO - send_keysguo123
2019-02-27 21:03:49,314 - BaseCase - INFO - click
2019-02-27 21:03:55,871 - BaseCase - INFO - click
2019-02-27 21:03:56,203 - BaseCase - INFO - click
2019-02-27 21:03:56,901 - BaseCase - INFO - click
2019-02-27 21:03:58,521 - BaseCase - INFO - click
2019-02-27 21:03:59,230 - BaseCase - INFO - click
2019-02-27 21:04:06,025 - BaseCase - INFO - click
2019-02-27 21:04:11,223 - BaseCase - INFO - into frame
2019-02-27 21:04:11,700 - BaseCase - INFO - click
2019-02-27 21:04:12,472 - BaseCase - INFO - click
2019-02-27 21:04:13,657 - BaseCase - INFO - click
2019-02-27 21:04:14,493 - BaseCase - INFO - click
2019-02-27 21:04:17,339 - BaseCase - INFO - send_keysguo
2019-02-27 21:04:17,664 - BaseCase - INFO - send_keys123456
2019-02-27 21:04:17,862 - BaseCase - INFO - click
2019-02-27 21:04:23,991 - BaseCase - INFO - click
2019-02-27 21:04:24,736 - BaseCase - INFO - send_keystitle.....
2019-02-27 21:04:25,543 - BaseCase - INFO - send_keyshhhhhhhhhfffffffffffffffffffff
2019-02-27 21:04:26,011 - BaseCase - INFO - click
2019-02-27 21:04:29,021 - BaseCase - INFO - not click
2019-02-27 21:04:29,389 - BaseCase - INFO - send_keysfdsjaflsjfl
2019-02-27 21:04:32,468 - BaseCase - INFO - not click
