2019-02-27 22:56:58,443 - BrowserEngin - INFO - 你选择了Chrome游览器
2019-02-27 22:56:58,443 - BrowserEngin - INFO - 测试URL是:http://127.0.0.1/forum.php
2019-02-27 22:57:02,029 - BrowserEngin - INFO - 启动谷歌游览器
2019-02-27 22:57:03,513 - BrowserEngin - INFO - 打开：http://127.0.0.1/forum.php
2019-02-27 22:57:04,760 - BrowserEngin - INFO - 窗口最大化
2019-02-27 22:57:04,764 - BrowserEngin - INFO - 等待10秒
2019-02-27 22:57:05,131 - BaseCase - INFO - send_keysadmin
2019-02-27 22:57:05,463 - BaseCase - INFO - send_keysguo123
2019-02-27 22:57:05,690 - BaseCase - INFO - click
2019-02-27 22:57:11,983 - BaseCase - INFO - click
2019-02-27 22:57:12,518 - BaseCase - INFO - click
2019-02-27 22:57:13,202 - BaseCase - INFO - click
2019-02-27 22:57:14,729 - BaseCase - INFO - click
2019-02-27 22:57:15,291 - BaseCase - INFO - click
2019-02-27 22:57:21,956 - BaseCase - INFO - click
2019-02-27 22:57:27,170 - BaseCase - INFO - into frame
2019-02-27 22:57:27,663 - BaseCase - INFO - click
2019-02-27 22:57:28,522 - BaseCase - INFO - click
2019-02-27 22:57:29,606 - BaseCase - INFO - click
2019-02-27 22:57:30,293 - BaseCase - INFO - click
2019-02-27 22:57:33,450 - BaseCase - INFO - send_keysguo
2019-02-27 22:57:33,790 - BaseCase - INFO - send_keys123456
2019-02-27 22:57:33,985 - BaseCase - INFO - click
2019-02-27 22:57:40,057 - BaseCase - INFO - click
2019-02-27 22:57:40,729 - BaseCase - INFO - send_keystitle.....
2019-02-27 22:57:41,424 - BaseCase - INFO - send_keyshhhhhhhhhfffffffffffffffffffff
2019-02-27 22:57:41,952 - BaseCase - INFO - click
2019-02-27 22:57:45,159 - BaseCase - INFO - not click
2019-02-27 22:57:50,795 - BaseCase - INFO - send_keysfdsjaflsjfl
2019-02-27 22:57:53,913 - BaseCase - INFO - not click
