2019-02-27 20:42:01,583 - BrowserEngin - INFO - 你选择了Chrome游览器
2019-02-27 20:42:01,583 - BrowserEngin - INFO - 测试URL是:http://127.0.0.1/forum.php
2019-02-27 20:42:05,266 - BrowserEngin - INFO - 启动谷歌游览器
2019-02-27 20:42:09,410 - BrowserEngin - INFO - 打开：http://127.0.0.1/forum.php
2019-02-27 20:42:10,749 - BrowserEngin - INFO - 窗口最大化
2019-02-27 20:42:10,775 - BrowserEngin - INFO - 等待10秒
2019-02-27 20:42:11,357 - BaseCase - INFO - send_keysguo
2019-02-27 20:42:11,833 - BaseCase - INFO - send_keys123456
2019-02-27 20:42:12,110 - BaseCase - INFO - click
2019-02-27 20:42:20,397 - BaseCase - INFO - click
2019-02-27 20:42:21,740 - BaseCase - INFO - send_keystitlettttttt
2019-02-27 20:42:24,140 - BaseCase - INFO - send_keyscontenttttttttttttttttttttt
2019-02-27 20:42:27,488 - BaseCase - INFO - click
2019-02-27 20:42:28,023 - BaseCase - INFO - click
2019-02-27 20:42:29,409 - BaseCase - INFO - send_keyshello
2019-02-27 20:42:30,723 - BaseCase - INFO - click
2019-02-27 20:42:32,624 - BaseCase - INFO - click
2019-02-27 20:42:36,931 - BrowserEngin - INFO - 你选择了Chrome游览器
2019-02-27 20:42:36,931 - BrowserEngin - INFO - 测试URL是:http://127.0.0.1/forum.php
2019-02-27 20:42:42,065 - BrowserEngin - INFO - 启动谷歌游览器
2019-02-27 20:42:45,155 - BrowserEngin - INFO - 打开：http://127.0.0.1/forum.php
2019-02-27 20:42:46,459 - BrowserEngin - INFO - 窗口最大化
2019-02-27 20:42:46,473 - BrowserEngin - INFO - 等待10秒
2019-02-27 20:42:47,100 - BaseCase - INFO - send_keysadmin
2019-02-27 20:42:47,551 - BaseCase - INFO - send_keysguo123
2019-02-27 20:42:47,793 - BaseCase - INFO - click
2019-02-27 20:42:55,002 - BaseCase - INFO - click
2019-02-27 20:42:55,529 - BaseCase - INFO - click
2019-02-27 20:42:56,358 - BaseCase - INFO - click
2019-02-27 20:42:58,701 - BaseCase - INFO - click
2019-02-27 20:42:59,927 - BaseCase - INFO - click
2019-02-27 20:43:09,304 - BaseCase - INFO - not click
2019-02-27 20:43:17,751 - BaseCase - INFO - into frame
2019-02-27 20:43:18,505 - BaseCase - INFO - click
2019-02-27 20:43:19,900 - BaseCase - INFO - click
2019-02-27 20:43:22,298 - BaseCase - INFO - click
2019-02-27 20:43:23,592 - BaseCase - INFO - click
2019-02-27 20:43:27,669 - BaseCase - INFO - send_keysguo
2019-02-27 20:43:28,616 - BaseCase - INFO - send_keys123456
2019-02-27 20:43:29,211 - BaseCase - INFO - click
2019-02-27 20:43:36,169 - BaseCase - INFO - click
2019-02-27 20:43:38,066 - BaseCase - INFO - send_keystitle.....
2019-02-27 20:43:39,730 - BaseCase - INFO - send_keyshhhhhhhhhfffffffffffffffffffff
2019-02-27 20:43:40,637 - BaseCase - INFO - click
2019-02-27 20:43:43,711 - BaseCase - INFO - not click
2019-02-27 20:43:44,342 - BaseCase - INFO - send_keysfdsjaflsjfl
2019-02-27 20:43:47,389 - BaseCase - INFO - not click
2019-02-27 20:43:49,954 - BrowserEngin - INFO - 你选择了Chrome游览器
2019-02-27 20:43:49,955 - BrowserEngin - INFO - 测试URL是:http://127.0.0.1/forum.php
2019-02-27 20:43:53,028 - BrowserEngin - INFO - 启动谷歌游览器
2019-02-27 20:43:55,287 - BrowserEngin - INFO - 打开：http://127.0.0.1/forum.php
2019-02-27 20:43:56,452 - BrowserEngin - INFO - 窗口最大化
2019-02-27 20:43:56,457 - BrowserEngin - INFO - 等待10秒
2019-02-27 20:43:56,773 - BaseCase - INFO - send_keysguo
2019-02-27 20:43:57,078 - BaseCase - INFO - send_keys123456
2019-02-27 20:43:57,282 - BaseCase - INFO - click
2019-02-27 20:43:59,262 - BaseCase - INFO - send_keyshaotest
2019-02-27 20:43:59,543 - BaseCase - INFO - click
2019-02-27 20:44:05,894 - BaseCase - INFO - click
2019-02-27 20:44:12,696 - BaseCase - INFO - click
2019-02-27 20:44:20,056 - BrowserEngin - INFO - 你选择了Chrome游览器
2019-02-27 20:44:20,057 - BrowserEngin - INFO - 测试URL是:http://127.0.0.1/forum.php
2019-02-27 20:44:22,928 - BrowserEngin - INFO - 启动谷歌游览器
2019-02-27 20:44:24,785 - BrowserEngin - INFO - 打开：http://127.0.0.1/forum.php
2019-02-27 20:44:25,952 - BrowserEngin - INFO - 窗口最大化
2019-02-27 20:44:25,956 - BrowserEngin - INFO - 等待10秒
2019-02-27 20:44:26,328 - BaseCase - INFO - send_keysguo
2019-02-27 20:44:26,676 - BaseCase - INFO - send_keys123456
2019-02-27 20:44:26,898 - BaseCase - INFO - click
2019-02-27 20:44:33,106 - BaseCase - INFO - click
2019-02-27 20:44:34,504 - BaseCase - INFO - click
2019-02-27 20:44:36,094 - BaseCase - INFO - click
2019-02-27 20:44:36,639 - BaseCase - INFO - send_keys喜欢运动的程度
2019-02-27 20:44:36,935 - BaseCase - INFO - send_keys喜欢
2019-02-27 20:44:37,230 - BaseCase - INFO - send_keys还可以
2019-02-27 20:44:37,519 - BaseCase - INFO - send_keys不喜欢
2019-02-27 20:44:37,861 - BaseCase - INFO - click
2019-02-27 20:44:39,898 - BaseCase - INFO - click
2019-02-27 20:44:41,468 - BaseCase - INFO - click
2019-02-27 20:44:46,719 - BaseCase - INFO - 内容为1.  喜欢
2019-02-27 20:44:46,997 - BaseCase - INFO - 内容为100.00% (1)
2019-02-27 20:44:47,260 - BaseCase - INFO - 内容为2.  还可以
2019-02-27 20:44:47,526 - BaseCase - INFO - 内容为0.00% (0)
2019-02-27 20:44:47,767 - BaseCase - INFO - 内容为3.  不喜欢
2019-02-27 20:44:48,045 - BaseCase - INFO - 内容为0.00% (0)
2019-02-27 20:44:48,311 - BaseCase - INFO - 内容为喜欢运动的程度
