2019-02-27 20:53:27,981 - BrowserEngin - INFO - 你选择了Chrome游览器
2019-02-27 20:53:27,982 - BrowserEngin - INFO - 测试URL是:http://127.0.0.1/forum.php
2019-02-27 20:53:31,580 - BrowserEngin - INFO - 启动谷歌游览器
2019-02-27 20:53:33,682 - BrowserEngin - INFO - 打开：http://127.0.0.1/forum.php
2019-02-27 20:53:34,872 - BrowserEngin - INFO - 窗口最大化
2019-02-27 20:53:34,888 - BrowserEngin - INFO - 等待10秒
2019-02-27 20:53:35,261 - BaseCase - INFO - send_keysadmin
2019-02-27 20:53:35,576 - BaseCase - INFO - send_keysguo123
2019-02-27 20:53:35,800 - BaseCase - INFO - click
2019-02-27 20:53:42,342 - BaseCase - INFO - click
2019-02-27 20:53:42,970 - BaseCase - INFO - click
2019-02-27 20:53:43,746 - BaseCase - INFO - click
2019-02-27 20:53:45,660 - BaseCase - INFO - click
2019-02-27 20:53:46,192 - BaseCase - INFO - click
2019-02-27 20:53:55,339 - BaseCase - INFO - not click
2019-02-27 20:54:11,094 - BaseCase - INFO - into frame
2019-02-27 20:54:11,573 - BaseCase - INFO - click
2019-02-27 20:54:12,333 - BaseCase - INFO - click
2019-02-27 20:54:13,532 - BaseCase - INFO - click
2019-02-27 20:54:14,249 - BaseCase - INFO - click
2019-02-27 20:54:17,043 - BaseCase - INFO - send_keysguo
2019-02-27 20:54:17,409 - BaseCase - INFO - send_keys123456
2019-02-27 20:54:17,614 - BaseCase - INFO - click
2019-02-27 20:54:23,710 - BaseCase - INFO - click
2019-02-27 20:54:24,616 - BaseCase - INFO - send_keystitle.....
2019-02-27 20:54:25,665 - BaseCase - INFO - send_keyshhhhhhhhhfffffffffffffffffffff
2019-02-27 20:54:26,254 - BaseCase - INFO - click
2019-02-27 20:54:29,321 - BaseCase - INFO - not click
2019-02-27 20:54:29,705 - BaseCase - INFO - send_keysfdsjaflsjfl
2019-02-27 20:54:32,740 - BaseCase - INFO - not click
