2019-02-27 20:34:35,463 - BrowserEngin - INFO - 你选择了Chrome游览器
2019-02-27 20:34:35,464 - BrowserEngin - INFO - 测试URL是:http://127.0.0.1/forum.php
2019-02-27 20:34:38,642 - BrowserEngin - INFO - 启动谷歌游览器
2019-02-27 20:34:40,557 - BrowserEngin - INFO - 打开：http://127.0.0.1/forum.php
2019-02-27 20:34:42,219 - BrowserEngin - INFO - 窗口最大化
2019-02-27 20:34:42,227 - BrowserEngin - INFO - 等待10秒
2019-02-27 20:34:42,655 - BaseCase - INFO - send_keysguo
2019-02-27 20:34:43,050 - BaseCase - INFO - send_keys123456
2019-02-27 20:34:43,297 - BaseCase - INFO - click
2019-02-27 20:34:54,338 - BaseCase - INFO - click
2019-02-27 20:34:55,445 - BaseCase - INFO - send_keystitlettttttt
2019-02-27 20:34:56,036 - BaseCase - INFO - send_keyscontentttttttttt
2019-02-27 20:35:03,762 - BaseCase - INFO - click
2019-02-27 20:35:09,040 - BaseCase - INFO - click
2019-02-27 20:35:09,810 - BaseCase - INFO - send_keyshello
2019-02-27 20:35:10,449 - BaseCase - INFO - click
2019-02-27 20:35:11,304 - BaseCase - INFO - click
2019-02-27 20:35:13,761 - BrowserEngin - INFO - 你选择了Chrome游览器
2019-02-27 20:35:13,762 - BrowserEngin - INFO - 测试URL是:http://127.0.0.1/forum.php
2019-02-27 20:35:17,400 - BrowserEngin - INFO - 启动谷歌游览器
2019-02-27 20:35:18,292 - BrowserEngin - INFO - 你选择了Chrome游览器
2019-02-27 20:35:18,293 - BrowserEngin - INFO - 测试URL是:http://127.0.0.1/forum.php
2019-02-27 20:35:21,494 - BrowserEngin - INFO - 启动谷歌游览器
2019-02-27 20:35:24,451 - BrowserEngin - INFO - 打开：http://127.0.0.1/forum.php
2019-02-27 20:35:25,783 - BrowserEngin - INFO - 窗口最大化
2019-02-27 20:35:25,797 - BrowserEngin - INFO - 等待10秒
2019-02-27 20:35:26,238 - BaseCase - INFO - send_keysguo
2019-02-27 20:35:26,763 - BaseCase - INFO - send_keys123456
2019-02-27 20:35:27,041 - BaseCase - INFO - click
2019-02-27 20:35:29,488 - BaseCase - INFO - send_keyshaotest
2019-02-27 20:35:29,933 - BaseCase - INFO - click
2019-02-27 20:35:37,184 - BaseCase - INFO - click
2019-02-27 20:35:44,044 - BaseCase - INFO - click
2019-02-27 20:35:51,448 - BrowserEngin - INFO - 你选择了Chrome游览器
2019-02-27 20:35:51,448 - BrowserEngin - INFO - 测试URL是:http://127.0.0.1/forum.php
2019-02-27 20:35:55,169 - BrowserEngin - INFO - 启动谷歌游览器
