2019-02-27 23:03:52,287 - BrowserEngin - INFO - 你选择了Chrome游览器
2019-02-27 23:03:52,287 - BrowserEngin - INFO - 测试URL是:http://127.0.0.1/forum.php
2019-02-27 23:03:55,851 - BrowserEngin - INFO - 启动谷歌游览器
2019-02-27 23:03:57,808 - BrowserEngin - INFO - 打开：http://127.0.0.1/forum.php
2019-02-27 23:03:59,171 - BrowserEngin - INFO - 窗口最大化
2019-02-27 23:03:59,187 - BrowserEngin - INFO - 等待10秒
2019-02-27 23:03:59,609 - BaseCase - INFO - send_keysadmin
2019-02-27 23:04:00,027 - BaseCase - INFO - send_keysguo123
2019-02-27 23:04:00,296 - BaseCase - INFO - click
2019-02-27 23:04:06,683 - BaseCase - INFO - click
2019-02-27 23:04:07,121 - BaseCase - INFO - click
2019-02-27 23:04:07,777 - BaseCase - INFO - click
2019-02-27 23:04:09,339 - BaseCase - INFO - click
2019-02-27 23:04:09,988 - BaseCase - INFO - click
2019-02-27 23:04:16,781 - BaseCase - INFO - click
2019-02-27 23:04:21,996 - BaseCase - INFO - into frame
2019-02-27 23:04:22,531 - BaseCase - INFO - click
2019-02-27 23:04:23,406 - BaseCase - INFO - click
2019-02-27 23:04:24,593 - BaseCase - INFO - click
2019-02-27 23:04:25,484 - BaseCase - INFO - click
2019-02-27 23:04:28,394 - BaseCase - INFO - send_keysguo
2019-02-27 23:04:28,722 - BaseCase - INFO - send_keys123456
2019-02-27 23:04:28,929 - BaseCase - INFO - click
2019-02-27 23:04:35,113 - BaseCase - INFO - click
2019-02-27 23:04:35,957 - BaseCase - INFO - send_keystitle.....
2019-02-27 23:04:36,777 - BaseCase - INFO - send_keyshhhhhhhhhfffffffffffffffffffff
2019-02-27 23:04:37,281 - BaseCase - INFO - click
2019-02-27 23:04:40,426 - BaseCase - INFO - not click
2019-02-27 23:04:45,962 - BaseCase - INFO - send_keysfdsjaflsjfl
2019-02-27 23:04:49,091 - BaseCase - INFO - not click
