2019-02-28 09:22:09,587 - BrowserEngin - INFO - 你选择了Chrome游览器
2019-02-28 09:22:09,587 - BrowserEngin - INFO - 测试URL是:http://127.0.0.1/forum.php
2019-02-28 09:22:12,889 - BrowserEngin - INFO - 启动谷歌游览器
2019-02-28 09:22:14,919 - BrowserEngin - INFO - 打开：http://127.0.0.1/forum.php
2019-02-28 09:22:16,094 - BrowserEngin - INFO - 窗口最大化
2019-02-28 09:22:16,099 - BrowserEngin - INFO - 等待10秒
2019-02-28 09:22:16,493 - BaseCase - INFO - send_keysadmin
2019-02-28 09:22:16,822 - BaseCase - INFO - send_keysguo123
2019-02-28 09:22:17,065 - BaseCase - INFO - click
2019-02-28 09:22:23,798 - BaseCase - INFO - click
2019-02-28 09:22:24,179 - BaseCase - INFO - click
2019-02-28 09:22:24,911 - BaseCase - INFO - click
2019-02-28 09:22:26,976 - BaseCase - INFO - click
2019-02-28 09:22:27,736 - BaseCase - INFO - click
2019-02-28 09:22:28,893 - BaseCase - INFO - <WebUITest.pagesobjets.partPage.PartPage object at 0x0000000003628860> page not found element(('css selector', '.loginform .txt'),)元素
2019-02-28 09:22:28,893 - BaseCase - INFO - not send_keys
2019-02-28 09:22:29,397 - BaseCase - INFO - click
2019-02-28 09:22:32,518 - BaseCase - INFO - not click
2019-02-28 09:22:48,328 - BaseCase - INFO - <WebUITest.pagesobjets.partPage.PartPage object at 0x0000000003628860> page not found element('id', 'main')元素
2019-02-28 09:22:48,328 - BaseCase - INFO - into frame
2019-02-28 09:22:51,805 - BaseCase - INFO - not click
2019-02-28 09:22:54,836 - BaseCase - INFO - not click
2019-02-28 09:22:58,083 - BaseCase - INFO - not click
2019-02-28 09:23:01,195 - BaseCase - INFO - not click
2019-02-28 09:23:12,430 - BaseCase - INFO - <WebUITest.pagesobjets.loginPage.LoginPage object at 0x00000000036289B0> page not found element('name', 'username')元素
2019-02-28 09:23:12,430 - BaseCase - INFO - not send_keys
2019-02-28 09:23:23,577 - BaseCase - INFO - <WebUITest.pagesobjets.loginPage.LoginPage object at 0x00000000036289B0> page not found element('name', 'password')元素
2019-02-28 09:23:23,577 - BaseCase - INFO - not send_keys
2019-02-28 09:23:26,790 - BaseCase - INFO - not click
2019-02-28 09:23:35,087 - BaseCase - INFO - not click
2019-02-28 09:23:35,638 - BaseCase - INFO - send_keystitle.....
2019-02-28 09:23:36,351 - BaseCase - INFO - send_keyshhhhhhhhhfffffffffffffffffffff
2019-02-28 09:23:36,593 - BaseCase - INFO - click
2019-02-28 09:23:39,790 - BaseCase - INFO - not click
2019-02-28 09:23:45,200 - BaseCase - INFO - send_keysfdsjaflsjfl
2019-02-28 09:23:48,269 - BaseCase - INFO - not click
