2019-02-27 20:28:51,863 - BrowserEngin - INFO - 你选择了Chrome游览器
2019-02-27 20:28:51,864 - BrowserEngin - INFO - 测试URL是:http://127.0.0.1/forum.php
2019-02-27 20:28:54,713 - BrowserEngin - INFO - 启动谷歌游览器
2019-02-27 20:28:56,592 - BrowserEngin - INFO - 打开：http://127.0.0.1/forum.php
2019-02-27 20:28:57,828 - BrowserEngin - INFO - 窗口最大化
2019-02-27 20:28:57,833 - BrowserEngin - INFO - 等待10秒
2019-02-27 20:28:58,160 - BaseCase - INFO - send_keysguo
2019-02-27 20:28:58,476 - BaseCase - INFO - send_keys123456
2019-02-27 20:28:58,684 - BaseCase - INFO - click
2019-02-27 20:29:04,983 - BaseCase - INFO - click
2019-02-27 20:29:05,867 - BaseCase - INFO - send_keystitlettttttt
2019-02-27 20:29:06,362 - BaseCase - INFO - send_keyscontentttttttttt
2019-02-27 20:29:08,733 - BaseCase - INFO - click
2019-02-27 20:29:09,008 - BaseCase - INFO - click
2019-02-27 20:29:09,490 - BaseCase - INFO - send_keyshello
2019-02-27 20:29:10,228 - BaseCase - INFO - click
2019-02-27 20:29:11,070 - BaseCase - INFO - click
2019-02-27 20:29:13,495 - BrowserEngin - INFO - 你选择了Chrome游览器
2019-02-27 20:29:13,496 - BrowserEngin - INFO - 测试URL是:http://127.0.0.1/forum.php
2019-02-27 20:29:16,964 - BrowserEngin - INFO - 启动谷歌游览器
2019-02-27 20:29:18,489 - BrowserEngin - INFO - 打开：http://127.0.0.1/forum.php
2019-02-27 20:29:19,680 - BrowserEngin - INFO - 窗口最大化
2019-02-27 20:29:19,685 - BrowserEngin - INFO - 等待10秒
2019-02-27 20:29:20,161 - BaseCase - INFO - send_keysadmin
2019-02-27 20:29:20,523 - BaseCase - INFO - send_keysguo123
2019-02-27 20:29:20,756 - BaseCase - INFO - click
2019-02-27 20:29:26,966 - BaseCase - INFO - click
2019-02-27 20:29:27,589 - BaseCase - INFO - click
2019-02-27 20:29:28,198 - BaseCase - INFO - click
2019-02-27 20:29:29,729 - BaseCase - INFO - click
2019-02-27 20:29:30,353 - BaseCase - INFO - click
2019-02-27 20:29:39,560 - BaseCase - INFO - not click
2019-02-27 20:29:55,219 - BaseCase - INFO - <WebUITest.pagesobjets.partPage.PartPage object at 0x0000000003657860> page not found element('id', 'main')元素
2019-02-27 20:29:55,228 - BaseCase - INFO - into frame
2019-02-27 20:29:58,278 - BaseCase - INFO - not click
2019-02-27 20:30:01,288 - BaseCase - INFO - not click
2019-02-27 20:30:10,992 - BaseCase - INFO - click
2019-02-27 20:30:11,754 - BaseCase - INFO - click
2019-02-27 20:30:14,443 - BaseCase - INFO - send_keysguo
2019-02-27 20:30:14,776 - BaseCase - INFO - send_keys123456
2019-02-27 20:30:14,987 - BaseCase - INFO - click
2019-02-27 20:30:21,119 - BaseCase - INFO - click
2019-02-27 20:30:22,108 - BaseCase - INFO - send_keystitle.....
2019-02-27 20:30:22,894 - BaseCase - INFO - send_keyshhhhhhhhhfffffffffffffffffffff
2019-02-27 20:30:23,385 - BaseCase - INFO - click
2019-02-27 20:30:26,459 - BaseCase - INFO - not click
2019-02-27 20:30:26,815 - BaseCase - INFO - send_keysfdsjaflsjfl
2019-02-27 20:30:29,826 - BaseCase - INFO - not click
2019-02-27 20:30:32,255 - BrowserEngin - INFO - 你选择了Chrome游览器
2019-02-27 20:30:32,256 - BrowserEngin - INFO - 测试URL是:http://127.0.0.1/forum.php
2019-02-27 20:30:35,305 - BrowserEngin - INFO - 启动谷歌游览器
2019-02-27 20:30:37,334 - BrowserEngin - INFO - 打开：http://127.0.0.1/forum.php
2019-02-27 20:30:38,505 - BrowserEngin - INFO - 窗口最大化
2019-02-27 20:30:38,528 - BrowserEngin - INFO - 等待10秒
2019-02-27 20:30:38,906 - BaseCase - INFO - send_keysguo
2019-02-27 20:30:39,280 - BaseCase - INFO - send_keys123456
2019-02-27 20:30:39,532 - BaseCase - INFO - click
2019-02-27 20:30:41,416 - BaseCase - INFO - send_keyshaotest
2019-02-27 20:30:41,738 - BaseCase - INFO - click
2019-02-27 20:30:48,113 - BaseCase - INFO - click
2019-02-27 20:30:54,947 - BaseCase - INFO - click
2019-02-27 20:31:02,340 - BrowserEngin - INFO - 你选择了Chrome游览器
2019-02-27 20:31:02,341 - BrowserEngin - INFO - 测试URL是:http://127.0.0.1/forum.php
2019-02-27 20:31:05,438 - BrowserEngin - INFO - 启动谷歌游览器
2019-02-27 20:31:07,593 - BrowserEngin - INFO - 打开：http://127.0.0.1/forum.php
2019-02-27 20:31:08,758 - BrowserEngin - INFO - 窗口最大化
2019-02-27 20:31:08,771 - BrowserEngin - INFO - 等待10秒
2019-02-27 20:31:09,216 - BaseCase - INFO - send_keysguo
2019-02-27 20:31:09,554 - BaseCase - INFO - send_keys123456
2019-02-27 20:31:09,773 - BaseCase - INFO - click
2019-02-27 20:31:16,053 - BaseCase - INFO - click
2019-02-27 20:31:17,582 - BaseCase - INFO - click
2019-02-27 20:31:19,316 - BaseCase - INFO - click
2019-02-27 20:31:19,805 - BaseCase - INFO - send_keys喜欢运动的程度
2019-02-27 20:31:20,085 - BaseCase - INFO - send_keys喜欢
2019-02-27 20:31:20,388 - BaseCase - INFO - send_keys还可以
2019-02-27 20:31:20,689 - BaseCase - INFO - send_keys不喜欢
2019-02-27 20:31:21,058 - BaseCase - INFO - click
2019-02-27 20:31:23,265 - BaseCase - INFO - click
2019-02-27 20:31:24,872 - BaseCase - INFO - click
2019-02-27 20:31:30,135 - BaseCase - INFO - 内容为1.  喜欢
2019-02-27 20:31:30,412 - BaseCase - INFO - 内容为100.00% (1)
2019-02-27 20:31:30,666 - BaseCase - INFO - 内容为2.  还可以
2019-02-27 20:31:30,943 - BaseCase - INFO - 内容为0.00% (0)
2019-02-27 20:31:31,186 - BaseCase - INFO - 内容为3.  不喜欢
2019-02-27 20:31:31,462 - BaseCase - INFO - 内容为0.00% (0)
2019-02-27 20:31:31,673 - BaseCase - INFO - 内容为喜欢运动的程度
