2019-02-27 20:58:28,192 - BrowserEngin - INFO - 你选择了Chrome游览器
2019-02-27 20:58:28,193 - BrowserEngin - INFO - 测试URL是:http://127.0.0.1/forum.php
2019-02-27 20:58:31,148 - BrowserEngin - INFO - 启动谷歌游览器
2019-02-27 20:58:33,236 - BrowserEngin - INFO - 打开：http://127.0.0.1/forum.php
2019-02-27 20:58:34,389 - BrowserEngin - INFO - 窗口最大化
2019-02-27 20:58:34,395 - BrowserEngin - INFO - 等待10秒
2019-02-27 20:58:34,830 - BaseCase - INFO - send_keysadmin
2019-02-27 20:58:35,188 - BaseCase - INFO - send_keysguo123
2019-02-27 20:58:35,430 - BaseCase - INFO - click
2019-02-27 20:58:41,611 - BaseCase - INFO - click
2019-02-27 20:58:42,126 - BaseCase - INFO - click
2019-02-27 20:58:42,782 - BaseCase - INFO - click
2019-02-27 20:58:44,456 - BaseCase - INFO - click
2019-02-27 20:58:45,067 - BaseCase - INFO - click
2019-02-27 20:58:52,249 - BaseCase - INFO - click
2019-02-27 20:58:57,444 - BaseCase - INFO - into frame
2019-02-27 20:58:57,946 - BaseCase - INFO - click
2019-02-27 20:58:58,772 - BaseCase - INFO - click
2019-02-27 20:59:00,093 - BaseCase - INFO - click
2019-02-27 20:59:00,923 - BaseCase - INFO - click
2019-02-27 20:59:03,705 - BaseCase - INFO - send_keysguo
2019-02-27 20:59:04,024 - BaseCase - INFO - send_keys123456
2019-02-27 20:59:04,224 - BaseCase - INFO - click
2019-02-27 20:59:10,351 - BaseCase - INFO - click
2019-02-27 20:59:11,062 - BaseCase - INFO - send_keystitle.....
2019-02-27 20:59:11,874 - BaseCase - INFO - send_keyshhhhhhhhhfffffffffffffffffffff
2019-02-27 20:59:12,365 - BaseCase - INFO - click
2019-02-27 20:59:15,399 - BaseCase - INFO - not click
2019-02-27 20:59:15,772 - BaseCase - INFO - send_keysfdsjaflsjfl
2019-02-27 20:59:18,810 - BaseCase - INFO - not click
