2019-02-27 22:39:49,203 - BrowserEngin - INFO - 你选择了Chrome游览器
2019-02-27 22:39:49,204 - BrowserEngin - INFO - 测试URL是:http://127.0.0.1/forum.php
2019-02-27 22:39:52,310 - BrowserEngin - INFO - 启动谷歌游览器
2019-02-27 22:39:53,958 - BrowserEngin - INFO - 打开：http://127.0.0.1/forum.php
2019-02-27 22:39:55,105 - BrowserEngin - INFO - 窗口最大化
2019-02-27 22:39:55,134 - BrowserEngin - INFO - 等待10秒
2019-02-27 22:39:55,619 - BaseCase - INFO - send_keysadmin
2019-02-27 22:39:56,050 - BaseCase - INFO - send_keysguo123
2019-02-27 22:39:56,312 - BaseCase - INFO - click
2019-02-27 22:40:02,513 - BaseCase - INFO - click
2019-02-27 22:40:03,110 - BaseCase - INFO - click
2019-02-27 22:40:03,691 - BaseCase - INFO - click
2019-02-27 22:40:05,019 - BaseCase - INFO - click
2019-02-27 22:40:05,485 - BaseCase - INFO - click
2019-02-27 22:40:14,596 - BaseCase - INFO - not click
2019-02-27 22:40:31,284 - BaseCase - INFO - into frame
2019-02-27 22:40:34,351 - BaseCase - INFO - not click
2019-02-27 22:40:37,126 - BaseCase - INFO - click
2019-02-27 22:40:38,404 - BaseCase - INFO - click
2019-02-27 22:40:39,109 - BaseCase - INFO - click
2019-02-27 22:40:41,883 - BaseCase - INFO - send_keysguo
2019-02-27 22:40:42,214 - BaseCase - INFO - send_keys123456
2019-02-27 22:40:42,409 - BaseCase - INFO - click
2019-02-27 22:40:48,484 - BaseCase - INFO - click
2019-02-27 22:40:49,211 - BaseCase - INFO - send_keystitle.....
2019-02-27 22:40:49,971 - BaseCase - INFO - send_keyshhhhhhhhhfffffffffffffffffffff
2019-02-27 22:40:50,454 - BaseCase - INFO - click
2019-02-27 22:40:53,489 - BaseCase - INFO - not click
2019-02-27 22:40:53,863 - BaseCase - INFO - send_keysfdsjaflsjfl
2019-02-27 22:40:56,899 - BaseCase - INFO - not click
