2019-03-20 20:07:10,339 - BrowserEngin - INFO - 你选择了Chrome游览器
2019-03-20 20:07:10,340 - BrowserEngin - INFO - 测试URL是:http://127.0.0.1/forum.php
2019-03-20 20:07:13,322 - BrowserEngin - INFO - 启动谷歌游览器
2019-03-20 20:07:15,519 - BrowserEngin - INFO - 打开：http://127.0.0.1/forum.php
2019-03-20 20:07:16,708 - BrowserEngin - INFO - 窗口最大化
2019-03-20 20:07:16,714 - BrowserEngin - INFO - 等待10秒
2019-03-20 20:07:17,243 - BaseCase - INFO - send_keysadmin
2019-03-20 20:07:17,663 - BaseCase - INFO - send_keysguo123
2019-03-20 20:07:17,948 - BaseCase - INFO - click
2019-03-20 20:07:27,469 - BaseCase - INFO - click
2019-03-20 20:07:28,276 - BaseCase - INFO - click
2019-03-20 20:07:28,997 - BaseCase - INFO - click
2019-03-20 20:07:30,824 - BaseCase - INFO - click
2019-03-20 20:07:51,325 - BrowserEngin - INFO - 你选择了Chrome游览器
2019-03-20 20:07:51,326 - BrowserEngin - INFO - 测试URL是:http://127.0.0.1/forum.php
2019-03-20 20:07:54,486 - BrowserEngin - INFO - 启动谷歌游览器
2019-03-20 20:07:58,183 - BrowserEngin - INFO - 打开：http://127.0.0.1/forum.php
2019-03-20 20:07:59,401 - BrowserEngin - INFO - 窗口最大化
2019-03-20 20:07:59,416 - BrowserEngin - INFO - 等待10秒
2019-03-20 20:08:00,072 - BaseCase - INFO - send_keysadmin
2019-03-20 20:08:00,603 - BaseCase - INFO - send_keysguo123
2019-03-20 20:08:00,898 - BaseCase - INFO - click
2019-03-20 20:08:09,542 - BaseCase - INFO - click
2019-03-20 20:08:10,494 - BaseCase - INFO - click
2019-03-20 20:08:11,181 - BaseCase - INFO - click
2019-03-20 20:08:13,088 - BaseCase - INFO - click
2019-03-20 20:08:13,781 - BaseCase - INFO - click
2019-03-20 20:08:47,951 - BaseCase - INFO - click
2019-03-20 20:08:48,819 - BaseCase - INFO - click
2019-03-20 20:08:54,011 - BaseCase - INFO - into frame
2019-03-20 20:08:54,607 - BaseCase - INFO - click
2019-03-20 20:08:55,691 - BaseCase - INFO - click
2019-03-20 20:09:06,416 - BaseCase - ERROR - <pagesobjets.beforeLoginPage.BeforeLoginPage object at 0x00000000035C0978> page not found element('name', 'username')元素
2019-03-20 20:09:06,416 - BaseCase - ERROR - not send_keys
2019-03-20 20:09:17,018 - BaseCase - ERROR - <pagesobjets.beforeLoginPage.BeforeLoginPage object at 0x00000000035C0978> page not found element('name', 'password')元素
2019-03-20 20:09:17,018 - BaseCase - ERROR - not send_keys
2019-03-20 20:09:27,339 - BaseCase - ERROR - not click
