2019-02-28 09:34:43,908 - BrowserEngin - INFO - 你选择了Chrome游览器
2019-02-28 09:34:43,908 - BrowserEngin - INFO - 测试URL是:http://127.0.0.1/forum.php
2019-02-28 09:34:47,414 - BrowserEngin - INFO - 启动谷歌游览器
2019-02-28 09:34:49,555 - BrowserEngin - INFO - 打开：http://127.0.0.1/forum.php
2019-02-28 09:34:50,712 - BrowserEngin - INFO - 窗口最大化
2019-02-28 09:34:50,720 - BrowserEngin - INFO - 等待10秒
2019-02-28 09:34:51,112 - BaseCase - INFO - send_keysadmin
2019-02-28 09:34:51,476 - BaseCase - INFO - send_keysguo123
2019-02-28 09:34:51,742 - BaseCase - INFO - click
2019-02-28 09:34:57,872 - BaseCase - INFO - click
2019-02-28 09:35:01,318 - BaseCase - INFO - not click
2019-02-28 09:35:04,559 - BaseCase - INFO - not click
2019-02-28 09:35:07,801 - BaseCase - INFO - not click
2019-02-28 09:35:08,226 - BaseCase - INFO - click
2019-02-28 09:35:09,426 - BaseCase - INFO - <WebUITest.pagesobjets.partPage.PartPage object at 0x00000000037475F8> page not found element(('name', 'admin_password'),)元素
2019-02-28 09:35:09,426 - BaseCase - INFO - not send_keys
2019-02-28 09:35:12,538 - BaseCase - INFO - not click
2019-02-28 09:35:15,559 - BaseCase - INFO - not click
2019-02-28 09:35:31,438 - BaseCase - INFO - <WebUITest.pagesobjets.partPage.PartPage object at 0x00000000037475F8> page not found element('id', 'main')元素
2019-02-28 09:35:31,456 - BaseCase - INFO - into frame
2019-02-28 09:35:34,557 - BaseCase - INFO - not click
2019-02-28 09:35:37,637 - BaseCase - INFO - not click
2019-02-28 09:35:40,837 - BaseCase - INFO - not click
2019-02-28 09:35:44,070 - BaseCase - INFO - not click
2019-02-28 09:35:54,925 - BaseCase - INFO - <WebUITest.pagesobjets.loginPage.LoginPage object at 0x0000000003747780> page not found element('name', 'username')元素
2019-02-28 09:35:54,926 - BaseCase - INFO - not send_keys
2019-02-28 09:36:05,997 - BaseCase - INFO - <WebUITest.pagesobjets.loginPage.LoginPage object at 0x0000000003747780> page not found element('name', 'password')元素
2019-02-28 09:36:05,997 - BaseCase - INFO - not send_keys
2019-02-28 09:36:08,672 - BaseCase - INFO - not click
2019-02-28 09:36:13,684 - BaseCase - INFO - not click
