2019-02-27 21:08:32,150 - BrowserEngin - INFO - 你选择了Chrome游览器
2019-02-27 21:08:32,151 - BrowserEngin - INFO - 测试URL是:http://127.0.0.1/forum.php
2019-02-27 21:08:35,246 - BrowserEngin - INFO - 启动谷歌游览器
2019-02-27 21:08:36,902 - BrowserEngin - INFO - 打开：http://127.0.0.1/forum.php
2019-02-27 21:08:38,082 - BrowserEngin - INFO - 窗口最大化
2019-02-27 21:08:38,106 - BrowserEngin - INFO - 等待10秒
2019-02-27 21:08:38,476 - BaseCase - INFO - send_keysadmin
2019-02-27 21:08:38,831 - BaseCase - INFO - send_keysguo123
2019-02-27 21:08:39,057 - BaseCase - INFO - click
2019-02-27 21:08:45,459 - BaseCase - INFO - click
2019-02-27 21:08:46,118 - BaseCase - INFO - click
2019-02-27 21:08:46,832 - BaseCase - INFO - click
2019-02-27 21:08:48,733 - BaseCase - INFO - click
2019-02-27 21:08:49,375 - BaseCase - INFO - click
2019-02-27 21:08:55,853 - BaseCase - INFO - click
2019-02-27 21:09:01,058 - BaseCase - INFO - into frame
2019-02-27 21:09:01,527 - BaseCase - INFO - click
2019-02-27 21:09:02,290 - BaseCase - INFO - click
2019-02-27 21:09:03,468 - BaseCase - INFO - click
2019-02-27 21:09:04,371 - BaseCase - INFO - click
2019-02-27 21:09:07,175 - BaseCase - INFO - send_keysguo
2019-02-27 21:09:07,566 - BaseCase - INFO - send_keys123456
2019-02-27 21:09:07,809 - BaseCase - INFO - click
2019-02-27 21:09:13,936 - BaseCase - INFO - click
2019-02-27 21:09:14,569 - BaseCase - INFO - send_keystitle.....
2019-02-27 21:09:15,406 - BaseCase - INFO - send_keyshhhhhhhhhfffffffffffffffffffff
2019-02-27 21:09:15,902 - BaseCase - INFO - click
2019-02-27 21:09:18,956 - BaseCase - INFO - not click
2019-02-27 21:09:19,413 - BaseCase - INFO - send_keysfdsjaflsjfl
2019-02-27 21:09:22,454 - BaseCase - INFO - not click
