2019-02-28 09:01:47,625 - BrowserEngin - INFO - 你选择了Chrome游览器
2019-02-28 09:01:47,625 - BrowserEngin - INFO - 测试URL是:http://127.0.0.1/forum.php
2019-02-28 09:01:51,250 - BrowserEngin - INFO - 启动谷歌游览器
2019-02-28 09:01:53,562 - BrowserEngin - INFO - 打开：http://127.0.0.1/forum.php
2019-02-28 09:01:54,731 - BrowserEngin - INFO - 窗口最大化
2019-02-28 09:01:54,740 - BrowserEngin - INFO - 等待10秒
2019-02-28 09:01:55,128 - BaseCase - INFO - send_keysadmin
2019-02-28 09:01:55,484 - BaseCase - INFO - send_keysguo123
2019-02-28 09:01:55,745 - BaseCase - INFO - click
2019-02-28 09:02:01,860 - BaseCase - INFO - click
2019-02-28 09:02:02,320 - BaseCase - INFO - click
2019-02-28 09:02:02,921 - BaseCase - INFO - click
2019-02-28 09:02:04,334 - BaseCase - INFO - click
2019-02-28 09:02:04,863 - BaseCase - INFO - click
2019-02-28 09:02:18,287 - BaseCase - INFO - click
2019-02-28 09:02:23,474 - BaseCase - INFO - into frame
2019-02-28 09:02:23,930 - BaseCase - INFO - click
2019-02-28 09:02:24,712 - BaseCase - INFO - click
2019-02-28 09:02:25,877 - BaseCase - INFO - click
2019-02-28 09:02:26,790 - BaseCase - INFO - click
2019-02-28 09:02:37,586 - BaseCase - INFO - <WebUITest.pagesobjets.loginPage.LoginPage object at 0x00000000035FF780> page not found element('name', 'username')元素
2019-02-28 09:02:37,586 - BaseCase - INFO - not send_keys
2019-02-28 09:02:48,227 - BaseCase - INFO - <WebUITest.pagesobjets.loginPage.LoginPage object at 0x00000000035FF780> page not found element('name', 'password')元素
2019-02-28 09:02:48,227 - BaseCase - INFO - not send_keys
2019-02-28 09:02:51,302 - BaseCase - INFO - not click
2019-02-28 09:02:59,557 - BaseCase - INFO - not click
2019-02-28 09:03:00,013 - BaseCase - INFO - send_keystitle.....
2019-02-28 09:03:00,718 - BaseCase - INFO - send_keyshhhhhhhhhfffffffffffffffffffff
2019-02-28 09:03:01,128 - BaseCase - INFO - click
2019-02-28 09:03:04,288 - BaseCase - INFO - not click
2019-02-28 09:03:09,597 - BaseCase - INFO - send_keysfdsjaflsjfl
2019-02-28 09:03:12,762 - BaseCase - INFO - not click
