2019-02-28 19:24:06,407 - BrowserEngin - INFO - 你选择了Chrome游览器
2019-02-28 19:24:06,408 - BrowserEngin - INFO - 测试URL是:http://127.0.0.1/forum.php
2019-02-28 19:24:09,825 - BrowserEngin - INFO - 启动谷歌游览器
2019-02-28 19:24:12,424 - BrowserEngin - INFO - 打开：http://127.0.0.1/forum.php
2019-02-28 19:24:13,562 - BrowserEngin - INFO - 窗口最大化
2019-02-28 19:24:13,567 - BrowserEngin - INFO - 等待10秒
2019-02-28 19:24:13,884 - BaseCase - INFO - send_keysguo
2019-02-28 19:24:14,346 - BaseCase - INFO - send_keys123456
2019-02-28 19:24:14,569 - BaseCase - INFO - click
2019-02-28 19:24:20,805 - BaseCase - INFO - click
2019-02-28 19:24:21,698 - BaseCase - INFO - send_keystitlettttttt
2019-02-28 19:24:22,479 - BaseCase - INFO - send_keyscontenttttttttttttttttttttt
2019-02-28 19:24:25,313 - BaseCase - INFO - click
2019-02-28 19:24:25,892 - BaseCase - INFO - click
2019-02-28 19:24:31,531 - BaseCase - INFO - send_keyshellovvvvvvvvvvvvvvvvvvvv
2019-02-28 19:24:32,237 - BaseCase - INFO - click
2019-02-28 19:24:33,060 - BaseCase - INFO - click
2019-02-28 19:24:56,895 - BrowserEngin - INFO - 你选择了Chrome游览器
2019-02-28 19:24:56,896 - BrowserEngin - INFO - 测试URL是:http://127.0.0.1/forum.php
2019-02-28 19:25:00,133 - BrowserEngin - INFO - 启动谷歌游览器
2019-02-28 19:25:01,923 - BrowserEngin - INFO - 打开：http://127.0.0.1/forum.php
2019-02-28 19:25:03,080 - BrowserEngin - INFO - 窗口最大化
2019-02-28 19:25:03,088 - BrowserEngin - INFO - 等待10秒
2019-02-28 19:25:03,497 - BaseCase - INFO - send_keysadmin
2019-02-28 19:25:03,817 - BaseCase - INFO - send_keysguo123
2019-02-28 19:25:04,023 - BaseCase - INFO - click
