2019-02-27 19:54:47,919 - BrowserEngin - INFO - 你选择了Chrome游览器
2019-02-27 19:54:47,919 - BrowserEngin - INFO - 测试URL是:http://127.0.0.1/forum.php
2019-02-27 19:54:51,143 - BrowserEngin - INFO - 启动谷歌游览器
2019-02-27 19:54:53,205 - BrowserEngin - INFO - 打开：http://127.0.0.1/forum.php
2019-02-27 19:54:54,425 - BrowserEngin - INFO - 窗口最大化
2019-02-27 19:54:54,433 - BrowserEngin - INFO - 等待10秒
2019-02-27 19:55:04,999 - BaseCase - INFO - <UniTest.pageHome.pageHome object at 0x00000000035CF550> page not found element('id', 'kw')元素
2019-02-27 19:55:04,999 - BaseCase - INFO - not send_keys
2019-02-27 19:55:15,046 - BaseCase - INFO - not click
2019-02-27 19:55:15,482 - BaseCase - INFO - get_windows_img
2019-02-27 19:55:17,841 - BrowserEngin - INFO - 你选择了Chrome游览器
2019-02-27 19:55:17,841 - BrowserEngin - INFO - 测试URL是:http://127.0.0.1/forum.php
2019-02-27 19:55:20,920 - BrowserEngin - INFO - 启动谷歌游览器
2019-02-27 19:55:22,639 - BrowserEngin - INFO - 打开：http://127.0.0.1/forum.php
2019-02-27 19:55:23,828 - BrowserEngin - INFO - 窗口最大化
2019-02-27 19:55:23,844 - BrowserEngin - INFO - 等待10秒
2019-02-27 19:55:24,239 - BaseCase - INFO - send_keysguo
2019-02-27 19:55:24,592 - BaseCase - INFO - send_keys123456
2019-02-27 19:55:24,829 - BaseCase - INFO - click
2019-02-27 19:55:31,400 - BaseCase - INFO - click
2019-02-27 19:55:32,333 - BaseCase - INFO - send_keystitlettttttt
2019-02-27 19:55:32,906 - BaseCase - INFO - send_keyscontentttttttttt
2019-02-27 19:55:36,584 - BaseCase - INFO - click
2019-02-27 19:55:36,818 - BaseCase - INFO - click
2019-02-27 19:55:37,173 - BaseCase - INFO - send_keyshello
2019-02-27 19:55:37,481 - BaseCase - INFO - click
2019-02-27 19:55:38,327 - BaseCase - INFO - click
2019-02-27 19:55:40,676 - BrowserEngin - INFO - 你选择了Chrome游览器
2019-02-27 19:55:40,676 - BrowserEngin - INFO - 测试URL是:http://127.0.0.1/forum.php
2019-02-27 19:55:43,606 - BrowserEngin - INFO - 启动谷歌游览器
2019-02-27 19:55:45,491 - BrowserEngin - INFO - 打开：http://127.0.0.1/forum.php
2019-02-27 19:55:46,705 - BrowserEngin - INFO - 窗口最大化
2019-02-27 19:55:46,708 - BrowserEngin - INFO - 等待10秒
2019-02-27 19:55:47,033 - BaseCase - INFO - send_keysadmin
2019-02-27 19:55:47,365 - BaseCase - INFO - send_keysguo123
2019-02-27 19:55:47,586 - BaseCase - INFO - click
2019-02-27 19:55:54,288 - BaseCase - INFO - click
2019-02-27 19:55:54,785 - BaseCase - INFO - click
2019-02-27 19:55:55,401 - BaseCase - INFO - click
2019-02-27 19:55:56,885 - BaseCase - INFO - click
2019-02-27 19:55:57,483 - BaseCase - INFO - click
2019-02-27 19:56:19,185 - BaseCase - INFO - click
2019-02-27 19:56:24,357 - BaseCase - INFO - into frame
2019-02-27 19:56:24,863 - BaseCase - INFO - click
2019-02-27 19:56:25,635 - BaseCase - INFO - click
2019-02-27 19:56:26,727 - BaseCase - INFO - click
2019-02-27 19:56:27,354 - BaseCase - INFO - click
2019-02-27 19:56:30,127 - BaseCase - INFO - send_keysguo
2019-02-27 19:56:30,459 - BaseCase - INFO - send_keys123456
2019-02-27 19:56:30,660 - BaseCase - INFO - click
2019-02-27 19:56:36,672 - BaseCase - INFO - click
2019-02-27 19:56:37,340 - BaseCase - INFO - send_keystitle.....
2019-02-27 19:56:38,038 - BaseCase - INFO - send_keyshhhhhhhhhfffffffffffffffffffff
2019-02-27 19:56:38,530 - BaseCase - INFO - click
2019-02-27 19:56:41,697 - BaseCase - INFO - not click
2019-02-27 19:56:42,048 - BaseCase - INFO - send_keysfdsjaflsjfl
2019-02-27 19:56:45,263 - BaseCase - INFO - not click
2019-02-27 19:56:47,668 - BrowserEngin - INFO - 你选择了Chrome游览器
2019-02-27 19:56:47,668 - BrowserEngin - INFO - 测试URL是:http://127.0.0.1/forum.php
2019-02-27 19:56:51,150 - BrowserEngin - INFO - 启动谷歌游览器
2019-02-27 19:56:52,714 - BrowserEngin - INFO - 打开：http://127.0.0.1/forum.php
2019-02-27 19:56:53,938 - BrowserEngin - INFO - 窗口最大化
2019-02-27 19:56:53,946 - BrowserEngin - INFO - 等待10秒
2019-02-27 19:56:54,287 - BaseCase - INFO - send_keysguo
2019-02-27 19:56:54,591 - BaseCase - INFO - send_keys123456
2019-02-27 19:56:54,789 - BaseCase - INFO - click
2019-02-27 19:56:56,610 - BaseCase - INFO - send_keyshaotest
2019-02-27 19:56:56,847 - BaseCase - INFO - click
2019-02-27 19:57:03,263 - BaseCase - INFO - click
2019-02-27 19:57:10,178 - BaseCase - INFO - click
