2019-02-27 19:39:34,084 - BrowserEngin - INFO - 你选择了Chrome游览器
2019-02-27 19:39:34,085 - BrowserEngin - INFO - 测试URL是:http://127.0.0.1/forum.php
2019-02-27 19:39:37,480 - BrowserEngin - INFO - 启动谷歌游览器
2019-02-27 19:39:38,931 - BrowserEngin - INFO - 打开：http://127.0.0.1/forum.php
2019-02-27 19:39:40,082 - BrowserEngin - INFO - 窗口最大化
2019-02-27 19:39:40,085 - BrowserEngin - INFO - 等待10秒
2019-02-27 19:39:50,582 - BaseCase - INFO - <WebUITest.pagesobjets.pageHome.pageHome object at 0x00000000035D8400> page not found element('id', 'kw')元素
2019-02-27 19:39:50,583 - BaseCase - INFO - not send_keys
2019-02-27 19:40:00,635 - BaseCase - INFO - not click
2019-02-27 19:40:01,057 - BaseCase - INFO - get_windows_img
2019-02-27 19:40:03,600 - BrowserEngin - INFO - 你选择了Chrome游览器
2019-02-27 19:40:03,601 - BrowserEngin - INFO - 测试URL是:http://127.0.0.1/forum.php
2019-02-27 19:40:07,045 - BrowserEngin - INFO - 启动谷歌游览器
2019-02-27 19:40:08,605 - BrowserEngin - INFO - 打开：http://127.0.0.1/forum.php
2019-02-27 19:40:09,747 - BrowserEngin - INFO - 窗口最大化
2019-02-27 19:40:09,753 - BrowserEngin - INFO - 等待10秒
2019-02-27 19:40:10,083 - BaseCase - INFO - send_keysguo
2019-02-27 19:40:10,397 - BaseCase - INFO - send_keys123456
2019-02-27 19:40:10,609 - BaseCase - INFO - click
2019-02-27 19:40:16,934 - BaseCase - INFO - click
2019-02-27 19:40:17,882 - BaseCase - INFO - send_keystitlettttttt
2019-02-27 19:40:18,469 - BaseCase - INFO - send_keyscontentttttttttt
2019-02-27 19:40:21,106 - BaseCase - INFO - click
2019-02-27 19:40:21,376 - BaseCase - INFO - click
2019-02-27 19:40:22,096 - BaseCase - INFO - send_keyshello
2019-02-27 19:40:22,755 - BaseCase - INFO - click
2019-02-27 19:40:23,542 - BaseCase - INFO - click
2019-02-27 19:40:26,050 - BrowserEngin - INFO - 你选择了Chrome游览器
2019-02-27 19:40:26,051 - BrowserEngin - INFO - 测试URL是:http://127.0.0.1/forum.php
2019-02-27 19:40:29,325 - BrowserEngin - INFO - 启动谷歌游览器
2019-02-27 19:40:30,872 - BrowserEngin - INFO - 打开：http://127.0.0.1/forum.php
2019-02-27 19:40:32,074 - BrowserEngin - INFO - 窗口最大化
2019-02-27 19:40:32,082 - BrowserEngin - INFO - 等待10秒
2019-02-27 19:40:32,432 - BaseCase - INFO - send_keysadmin
2019-02-27 19:40:32,752 - BaseCase - INFO - send_keysguo123
2019-02-27 19:40:32,957 - BaseCase - INFO - click
2019-02-27 19:40:39,585 - BaseCase - INFO - click
2019-02-27 19:40:39,995 - BaseCase - INFO - click
2019-02-27 19:40:40,724 - BaseCase - INFO - click
2019-02-27 19:40:42,290 - BaseCase - INFO - click
2019-02-27 19:40:43,095 - BaseCase - INFO - click
2019-02-27 19:40:55,127 - BaseCase - INFO - click
2019-02-27 19:41:00,323 - BaseCase - INFO - into frame
2019-02-27 19:41:00,855 - BaseCase - INFO - click
2019-02-27 19:41:01,613 - BaseCase - INFO - click
2019-02-27 19:41:02,747 - BaseCase - INFO - click
2019-02-27 19:41:03,517 - BaseCase - INFO - click
2019-02-27 19:41:06,258 - BaseCase - INFO - send_keysguo
2019-02-27 19:41:06,596 - BaseCase - INFO - send_keys123456
2019-02-27 19:41:06,795 - BaseCase - INFO - click
2019-02-27 19:41:13,065 - BaseCase - INFO - click
2019-02-27 19:41:13,811 - BaseCase - INFO - send_keystitle.....
2019-02-27 19:41:14,581 - BaseCase - INFO - send_keyshhhhhhhhhfffffffffffffffffffff
2019-02-27 19:41:15,088 - BaseCase - INFO - click
2019-02-27 19:41:18,166 - BaseCase - INFO - not click
2019-02-27 19:41:29,232 - BaseCase - INFO - <WebUITest.pagesobjets.replyPage.ReplyPage object at 0x0000000003662EB8> page not found element('id', 'postmessage')元素
2019-02-27 19:41:29,232 - BaseCase - INFO - not send_keys
2019-02-27 19:41:32,261 - BaseCase - INFO - not click
2019-02-27 19:41:34,732 - BrowserEngin - INFO - 你选择了Chrome游览器
2019-02-27 19:41:34,732 - BrowserEngin - INFO - 测试URL是:http://127.0.0.1/forum.php
2019-02-27 19:41:38,294 - BrowserEngin - INFO - 启动谷歌游览器
2019-02-27 19:41:40,166 - BrowserEngin - INFO - 打开：http://127.0.0.1/forum.php
2019-02-27 19:41:41,458 - BrowserEngin - INFO - 窗口最大化
2019-02-27 19:41:41,461 - BrowserEngin - INFO - 等待10秒
2019-02-27 19:41:41,851 - BaseCase - INFO - send_keysguo
2019-02-27 19:41:42,210 - BaseCase - INFO - send_keys123456
2019-02-27 19:41:42,446 - BaseCase - INFO - click
2019-02-27 19:41:44,539 - BaseCase - INFO - send_keyshaotest
2019-02-27 19:41:44,877 - BaseCase - INFO - click
2019-02-27 19:41:51,309 - BaseCase - INFO - click
2019-02-27 19:41:58,196 - BaseCase - INFO - click
2019-02-27 19:42:05,661 - BrowserEngin - INFO - 你选择了Chrome游览器
2019-02-27 19:42:05,662 - BrowserEngin - INFO - 测试URL是:http://127.0.0.1/forum.php
2019-02-27 19:42:08,811 - BrowserEngin - INFO - 启动谷歌游览器
2019-02-27 19:42:11,184 - BrowserEngin - INFO - 打开：http://127.0.0.1/forum.php
2019-02-27 19:42:12,362 - BrowserEngin - INFO - 窗口最大化
2019-02-27 19:42:12,368 - BrowserEngin - INFO - 等待10秒
2019-02-27 19:42:12,738 - BaseCase - INFO - send_keysguo
2019-02-27 19:42:13,110 - BaseCase - INFO - send_keys123456
2019-02-27 19:42:13,359 - BaseCase - INFO - click
2019-02-27 19:42:19,480 - BaseCase - INFO - click
2019-02-27 19:42:20,995 - BaseCase - INFO - click
2019-02-27 19:42:22,815 - BaseCase - INFO - click
2019-02-27 19:42:23,285 - BaseCase - INFO - send_keys喜欢运动的程度
2019-02-27 19:42:23,578 - BaseCase - INFO - send_keys喜欢
2019-02-27 19:42:23,880 - BaseCase - INFO - send_keys还可以
2019-02-27 19:42:24,180 - BaseCase - INFO - send_keys不喜欢
2019-02-27 19:42:24,544 - BaseCase - INFO - click
2019-02-27 19:42:26,745 - BaseCase - INFO - click
2019-02-27 19:42:28,354 - BaseCase - INFO - click
2019-02-27 19:42:33,625 - BaseCase - INFO - 内容为1.  喜欢
2019-02-27 19:42:33,894 - BaseCase - INFO - 内容为100.00% (1)
2019-02-27 19:42:34,146 - BaseCase - INFO - 内容为2.  还可以
2019-02-27 19:42:34,410 - BaseCase - INFO - 内容为0.00% (0)
2019-02-27 19:42:34,652 - BaseCase - INFO - 内容为3.  不喜欢
2019-02-27 19:42:34,914 - BaseCase - INFO - 内容为0.00% (0)
2019-02-27 19:42:35,118 - BaseCase - INFO - 内容为喜欢运动的程度
