2019-02-28 10:33:52,420 - BrowserEngin - INFO - 你选择了Chrome游览器
2019-02-28 10:33:52,420 - BrowserEngin - INFO - 测试URL是:http://127.0.0.1/forum.php
2019-02-28 10:33:55,456 - BrowserEngin - INFO - 启动谷歌游览器
2019-02-28 10:33:57,294 - BrowserEngin - INFO - 打开：http://127.0.0.1/forum.php
2019-02-28 10:33:58,475 - BrowserEngin - INFO - 窗口最大化
2019-02-28 10:33:58,486 - BrowserEngin - INFO - 等待10秒
2019-02-28 10:33:58,866 - BaseCase - INFO - send_keysadmin
2019-02-28 10:33:59,186 - BaseCase - INFO - send_keysguo123
2019-02-28 10:33:59,385 - BaseCase - INFO - click
2019-02-28 10:34:05,723 - BaseCase - INFO - click
2019-02-28 10:34:06,231 - BaseCase - INFO - click
2019-02-28 10:34:06,867 - BaseCase - INFO - click
2019-02-28 10:34:08,410 - BaseCase - INFO - click
2019-02-28 10:34:08,879 - BaseCase - INFO - click
2019-02-28 10:34:13,243 - BaseCase - ERROR - not click
2019-02-28 10:34:19,120 - BaseCase - INFO - into frame
2019-02-28 10:34:19,599 - BaseCase - INFO - click
2019-02-28 10:34:20,488 - BaseCase - INFO - click
2019-02-28 10:34:21,692 - BaseCase - INFO - click
2019-02-28 10:34:22,431 - BaseCase - INFO - click
2019-02-28 10:34:25,364 - BaseCase - INFO - send_keysguo
2019-02-28 10:34:25,720 - BaseCase - INFO - send_keys123456
2019-02-28 10:34:25,928 - BaseCase - INFO - click
2019-02-28 10:34:32,007 - BaseCase - INFO - click
2019-02-28 10:34:32,665 - BaseCase - INFO - send_keystitle.....
2019-02-28 10:34:33,307 - BaseCase - INFO - send_keyshhhhhhhhhfffffffffffffffffffff
2019-02-28 10:34:33,901 - BaseCase - INFO - click
2019-02-28 10:34:36,978 - BaseCase - ERROR - not click
2019-02-28 10:34:42,647 - BaseCase - INFO - send_keysfdsjaflsjfl
2019-02-28 10:34:45,744 - BaseCase - ERROR - not click
