2019-02-27 23:06:39,568 - BrowserEngin - INFO - 你选择了Chrome游览器
2019-02-27 23:06:39,568 - BrowserEngin - INFO - 测试URL是:http://127.0.0.1/forum.php
2019-02-27 23:06:43,572 - BrowserEngin - INFO - 启动谷歌游览器
2019-02-27 23:06:45,330 - BrowserEngin - INFO - 打开：http://127.0.0.1/forum.php
2019-02-27 23:06:46,560 - BrowserEngin - INFO - 窗口最大化
2019-02-27 23:06:46,576 - BrowserEngin - INFO - 等待10秒
2019-02-27 23:06:46,998 - BaseCase - INFO - send_keysadmin
2019-02-27 23:06:47,337 - BaseCase - INFO - send_keysguo123
2019-02-27 23:06:47,552 - BaseCase - INFO - click
2019-02-27 23:06:54,275 - BaseCase - INFO - click
2019-02-27 23:06:54,603 - BaseCase - INFO - click
2019-02-27 23:06:55,248 - BaseCase - INFO - click
2019-02-27 23:06:57,474 - BaseCase - INFO - click
2019-02-27 23:06:58,087 - BaseCase - INFO - click
2019-02-27 23:07:09,552 - BaseCase - INFO - click
2019-02-27 23:07:14,780 - BaseCase - INFO - into frame
2019-02-27 23:07:15,291 - BaseCase - INFO - click
2019-02-27 23:07:16,198 - BaseCase - INFO - click
2019-02-27 23:07:17,405 - BaseCase - INFO - click
2019-02-27 23:07:18,190 - BaseCase - INFO - click
2019-02-27 23:07:29,764 - BaseCase - INFO - <WebUITest.pagesobjets.loginPage.LoginPage object at 0x00000000036384A8> page not found element('name', 'username')元素
2019-02-27 23:07:29,764 - BaseCase - INFO - not send_keys
2019-02-27 23:07:41,149 - BaseCase - INFO - <WebUITest.pagesobjets.loginPage.LoginPage object at 0x00000000036384A8> page not found element('name', 'password')元素
2019-02-27 23:07:41,149 - BaseCase - INFO - not send_keys
2019-02-27 23:07:44,477 - BaseCase - INFO - not click
2019-02-27 23:07:53,161 - BaseCase - INFO - not click
2019-02-27 23:07:53,774 - BaseCase - INFO - send_keystitle.....
2019-02-27 23:07:56,008 - BaseCase - INFO - send_keyshhhhhhhhhfffffffffffffffffffff
2019-02-27 23:07:56,797 - BaseCase - INFO - click
2019-02-27 23:07:59,997 - BaseCase - INFO - not click
2019-02-27 23:08:05,352 - BaseCase - INFO - send_keysfdsjaflsjfl
2019-02-27 23:08:08,473 - BaseCase - INFO - not click
