2019-02-27 21:00:06,454 - BrowserEngin - INFO - 你选择了Chrome游览器
2019-02-27 21:00:06,455 - BrowserEngin - INFO - 测试URL是:http://127.0.0.1/forum.php
2019-02-27 21:00:09,385 - BrowserEngin - INFO - 启动谷歌游览器
2019-02-27 21:00:11,445 - BrowserEngin - INFO - 打开：http://127.0.0.1/forum.php
2019-02-27 21:00:12,619 - BrowserEngin - INFO - 窗口最大化
2019-02-27 21:00:12,627 - BrowserEngin - INFO - 等待10秒
2019-02-27 21:00:13,080 - BaseCase - INFO - send_keysadmin
2019-02-27 21:00:13,489 - BaseCase - INFO - send_keysguo123
2019-02-27 21:00:13,792 - BaseCase - INFO - click
2019-02-27 21:00:20,132 - BaseCase - INFO - click
2019-02-27 21:00:20,641 - BaseCase - INFO - click
2019-02-27 21:00:21,289 - BaseCase - INFO - click
2019-02-27 21:00:22,949 - BaseCase - INFO - click
2019-02-27 21:00:23,602 - BaseCase - INFO - click
2019-02-27 21:00:30,410 - BaseCase - INFO - click
2019-02-27 21:00:35,607 - BaseCase - INFO - into frame
2019-02-27 21:00:36,077 - BaseCase - INFO - click
2019-02-27 21:00:36,825 - BaseCase - INFO - click
2019-02-27 21:00:37,998 - BaseCase - INFO - click
2019-02-27 21:00:38,872 - BaseCase - INFO - click
2019-02-27 21:00:41,601 - BaseCase - INFO - send_keysguo
2019-02-27 21:00:41,973 - BaseCase - INFO - send_keys123456
2019-02-27 21:00:42,180 - BaseCase - INFO - click
2019-02-27 21:00:48,342 - BaseCase - INFO - click
2019-02-27 21:00:49,055 - BaseCase - INFO - send_keystitle.....
2019-02-27 21:00:49,828 - BaseCase - INFO - send_keyshhhhhhhhhfffffffffffffffffffff
2019-02-27 21:00:50,312 - BaseCase - INFO - click
2019-02-27 21:00:53,403 - BaseCase - INFO - not click
2019-02-27 21:00:53,788 - BaseCase - INFO - send_keysfdsjaflsjfl
2019-02-27 21:00:56,866 - BaseCase - INFO - not click
