2019-02-27 22:17:41,494 - BrowserEngin - INFO - 你选择了Chrome游览器
2019-02-27 22:17:41,496 - BrowserEngin - INFO - 测试URL是:http://127.0.0.1/forum.php
2019-02-27 22:17:44,630 - BrowserEngin - INFO - 启动谷歌游览器
2019-02-27 22:17:46,181 - BrowserEngin - INFO - 打开：http://127.0.0.1/forum.php
2019-02-27 22:17:47,376 - BrowserEngin - INFO - 窗口最大化
2019-02-27 22:17:47,390 - BrowserEngin - INFO - 等待10秒
2019-02-27 22:17:47,769 - BaseCase - INFO - send_keysadmin
2019-02-27 22:17:48,141 - BaseCase - INFO - send_keysguo123
2019-02-27 22:17:48,383 - BaseCase - INFO - click
2019-02-27 22:17:54,664 - BaseCase - INFO - click
2019-02-27 22:17:55,244 - BaseCase - INFO - click
2019-02-27 22:17:55,954 - BaseCase - INFO - click
2019-02-27 22:17:57,459 - BaseCase - INFO - click
2019-02-27 22:17:58,201 - BaseCase - INFO - click
2019-02-27 22:18:04,833 - BaseCase - INFO - click
2019-02-27 22:18:10,048 - BaseCase - INFO - into frame
2019-02-27 22:18:10,530 - BaseCase - INFO - click
2019-02-27 22:18:11,328 - BaseCase - INFO - click
2019-02-27 22:18:12,442 - BaseCase - INFO - click
2019-02-27 22:18:13,268 - BaseCase - INFO - click
2019-02-27 22:18:16,202 - BaseCase - INFO - send_keysguo
2019-02-27 22:18:16,546 - BaseCase - INFO - send_keys123456
2019-02-27 22:18:16,757 - BaseCase - INFO - click
2019-02-27 22:18:22,870 - BaseCase - INFO - click
2019-02-27 22:18:23,505 - BaseCase - INFO - send_keystitle.....
2019-02-27 22:18:24,346 - BaseCase - INFO - send_keyshhhhhhhhhfffffffffffffffffffff
2019-02-27 22:18:24,844 - BaseCase - INFO - click
2019-02-27 22:18:24,966 - BaseCase - INFO - click
2019-02-27 22:18:25,314 - BaseCase - INFO - send_keysfdsjaflsjfl
2019-02-27 22:18:28,346 - BaseCase - INFO - not click
