2019-02-28 16:26:36,742 - BrowserEngin - INFO - 你选择了Chrome游览器
2019-02-28 16:26:36,744 - BrowserEngin - INFO - 测试URL是:http://127.0.0.1/forum.php
2019-02-28 16:26:41,788 - BrowserEngin - INFO - 启动谷歌游览器
2019-02-28 16:26:43,317 - BrowserEngin - INFO - 打开：http://127.0.0.1/forum.php
2019-02-28 16:26:44,486 - BrowserEngin - INFO - 窗口最大化
2019-02-28 16:26:44,490 - BrowserEngin - INFO - 等待10秒
2019-02-28 16:26:44,875 - BaseCase - INFO - send_keysadmin
2019-02-28 16:26:45,205 - BaseCase - INFO - send_keysguo123
2019-02-28 16:26:45,485 - BaseCase - INFO - click
2019-02-28 16:26:52,030 - BaseCase - INFO - click
2019-02-28 16:26:52,539 - BaseCase - INFO - click
2019-02-28 16:26:53,270 - BaseCase - INFO - click
2019-02-28 16:26:55,289 - BaseCase - INFO - click
2019-02-28 16:26:55,942 - BaseCase - INFO - click
2019-02-28 16:27:00,205 - BaseCase - ERROR - not click
2019-02-28 16:27:06,320 - BaseCase - INFO - into frame
2019-02-28 16:27:06,770 - BaseCase - INFO - click
2019-02-28 16:27:07,574 - BaseCase - INFO - click
2019-02-28 16:27:08,780 - BaseCase - INFO - click
2019-02-28 16:27:09,634 - BaseCase - INFO - click
2019-02-28 16:27:25,408 - BaseCase - ERROR - <WebUITest.pagesobjets.loginPage.LoginPage object at 0x0000000003628780> page not found element('name', 'username')元素
2019-02-28 16:27:25,408 - BaseCase - ERROR - not send_keys
2019-02-28 16:27:36,184 - BaseCase - ERROR - <WebUITest.pagesobjets.loginPage.LoginPage object at 0x0000000003628780> page not found element('name', 'password')元素
2019-02-28 16:27:36,185 - BaseCase - ERROR - not send_keys
2019-02-28 16:27:39,225 - BaseCase - ERROR - not click
2019-02-28 16:27:47,405 - BaseCase - ERROR - not click
2019-02-28 16:27:48,203 - BaseCase - INFO - send_keystitle.....
2019-02-28 16:27:49,163 - BaseCase - INFO - send_keyshhhhhhhhhfffffffffffffffffffff
2019-02-28 16:27:50,116 - BaseCase - INFO - click
2019-02-28 16:27:53,199 - BaseCase - ERROR - not click
2019-02-28 16:27:58,772 - BaseCase - INFO - send_keysfdsjaflsjfl
2019-02-28 16:28:01,857 - BaseCase - ERROR - not click
