2019-02-28 19:27:40,387 - BrowserEngin - INFO - 你选择了Chrome游览器
2019-02-28 19:27:40,388 - BrowserEngin - INFO - 测试URL是:http://127.0.0.1/forum.php
2019-02-28 19:27:43,379 - BrowserEngin - INFO - 启动谷歌游览器
2019-02-28 19:27:45,349 - BrowserEngin - INFO - 打开：http://127.0.0.1/forum.php
2019-02-28 19:27:46,524 - BrowserEngin - INFO - 窗口最大化
2019-02-28 19:27:46,537 - BrowserEngin - INFO - 等待10秒
2019-02-28 19:27:46,986 - BaseCase - INFO - send_keysadmin
2019-02-28 19:27:47,304 - BaseCase - INFO - send_keysguo123
2019-02-28 19:27:47,513 - BaseCase - INFO - click
2019-02-28 19:27:54,956 - BaseCase - INFO - click
2019-02-28 19:27:55,559 - BaseCase - INFO - click
2019-02-28 19:27:56,184 - BaseCase - INFO - click
2019-02-28 19:27:57,701 - BaseCase - INFO - click
2019-02-28 19:27:58,194 - BaseCase - INFO - click
2019-02-28 19:27:59,728 - BaseCase - INFO - click
2019-02-28 19:28:04,916 - BaseCase - INFO - into frame
2019-02-28 19:28:05,383 - BaseCase - INFO - click
2019-02-28 19:28:06,231 - BaseCase - INFO - click
2019-02-28 19:28:07,342 - BaseCase - INFO - click
2019-02-28 19:28:08,093 - BaseCase - INFO - click
2019-02-28 19:28:10,977 - BaseCase - INFO - send_keysguo
2019-02-28 19:28:11,342 - BaseCase - INFO - send_keys123456
2019-02-28 19:28:11,541 - BaseCase - INFO - click
2019-02-28 19:28:17,760 - BaseCase - INFO - click
2019-02-28 19:28:18,565 - BaseCase - INFO - send_keystitle.....
2019-02-28 19:28:19,423 - BaseCase - INFO - send_keyshhhhhhhhhfffffffffffffffffffff
2019-02-28 19:28:19,955 - BaseCase - INFO - click
2019-02-28 19:28:22,995 - BaseCase - ERROR - not click
2019-02-28 19:28:28,406 - BaseCase - INFO - send_keysfdsjaflsjfl
2019-02-28 19:28:31,447 - BaseCase - ERROR - not click
