2019-02-28 09:25:04,876 - BrowserEngin - INFO - 你选择了Chrome游览器
2019-02-28 09:25:04,876 - BrowserEngin - INFO - 测试URL是:http://127.0.0.1/forum.php
2019-02-28 09:25:08,200 - BrowserEngin - INFO - 启动谷歌游览器
2019-02-28 09:25:09,973 - BrowserEngin - INFO - 打开：http://127.0.0.1/forum.php
2019-02-28 09:25:11,177 - BrowserEngin - INFO - 窗口最大化
2019-02-28 09:25:11,184 - BrowserEngin - INFO - 等待10秒
2019-02-28 09:25:11,584 - BaseCase - INFO - send_keysadmin
2019-02-28 09:25:11,928 - BaseCase - INFO - send_keysguo123
2019-02-28 09:25:12,153 - BaseCase - INFO - click
2019-02-28 09:25:18,416 - BaseCase - INFO - click
2019-02-28 09:25:21,722 - BaseCase - INFO - not click
2019-02-28 09:25:24,903 - BaseCase - INFO - not click
2019-02-28 09:25:28,123 - BaseCase - INFO - not click
2019-02-28 09:25:28,570 - BaseCase - INFO - click
2019-02-28 09:25:29,728 - BaseCase - INFO - <WebUITest.pagesobjets.partPage.PartPage object at 0x00000000036575C0> page not found element(('name', 'admin_password'),)元素
2019-02-28 09:25:29,728 - BaseCase - INFO - not send_keys
2019-02-28 09:25:32,813 - BaseCase - INFO - not click
2019-02-28 09:25:35,833 - BaseCase - INFO - not click
2019-02-28 09:25:51,568 - BaseCase - INFO - <WebUITest.pagesobjets.partPage.PartPage object at 0x00000000036575C0> page not found element('id', 'main')元素
2019-02-28 09:25:51,568 - BaseCase - INFO - into frame
2019-02-28 09:25:54,628 - BaseCase - INFO - not click
2019-02-28 09:25:57,698 - BaseCase - INFO - not click
2019-02-28 09:26:00,915 - BaseCase - INFO - not click
2019-02-28 09:26:04,164 - BaseCase - INFO - not click
2019-02-28 09:26:15,524 - BaseCase - INFO - <WebUITest.pagesobjets.loginPage.LoginPage object at 0x0000000003657748> page not found element('name', 'username')元素
2019-02-28 09:26:15,524 - BaseCase - INFO - not send_keys
2019-02-28 09:26:26,733 - BaseCase - INFO - <WebUITest.pagesobjets.loginPage.LoginPage object at 0x0000000003657748> page not found element('name', 'password')元素
2019-02-28 09:26:26,733 - BaseCase - INFO - not send_keys
2019-02-28 09:26:29,924 - BaseCase - INFO - not click
2019-02-28 09:26:38,372 - BaseCase - INFO - not click
2019-02-28 09:26:38,861 - BaseCase - INFO - send_keystitle.....
2019-02-28 09:26:39,739 - BaseCase - INFO - send_keyshhhhhhhhhfffffffffffffffffffff
2019-02-28 09:26:40,033 - BaseCase - INFO - click
2019-02-28 09:26:43,210 - BaseCase - INFO - not click
2019-02-28 09:26:48,666 - BaseCase - INFO - send_keysfdsjaflsjfl
2019-02-28 09:26:51,728 - BaseCase - INFO - not click
